[90mGET / [32m200 [90m433ms - 656b[0m
[90mGET / [32m200 [90m42ms - 656b[0m
[90mGET /stylesheets/style.css [36m304 [90m2ms[0m
[90mGET /javascripts/main.js [36m304 [90m1ms[0m
[90mGET /javascripts/main.js [36m304 [90m2ms[0m
[90mGET /help [36m304 [90m5ms[0m
[90mGET /help [36m304 [90m1ms[0m
[90mGET /help [36m304 [90m1ms[0m
[90mGET /help [36m304 [90m1ms[0m
[90mGET /help [32m200 [90m7ms - 18b[0m
[90mGET /help [36m304 [90m5ms[0m
[90mGET /help [36m304 [90m2ms[0m
[90mGET /help [36m304 [90m1ms[0m
[90mGET /help [36m304 [90m3ms[0m
[90mGET /help [36m304 [90m5ms[0m
[90mGET /help [36m304 [90m1ms[0m
[90mGET /help [36m304 [90m1ms[0m
[90mGET /help [36m304 [90m3ms[0m
[90mGET /help [36m304 [90m1ms[0m
[90mGET /help [36m304 [90m3ms[0m
[90mGET /help [36m304 [90m1ms[0m
[90mGET /help [36m304 [90m1ms[0m
[90mGET /help [36m304 [90m3ms[0m
[90mGET /help [36m304 [90m1ms[0m
[90mGET /help [32m200 [90m7ms - 19b[0m
[90mGET /help [36m304 [90m5ms[0m
[90mGET /help [36m304 [90m2ms[0m
[90mGET /help [36m304 [90m2ms[0m
[90mGET /help [32m200 [90m8ms - 20b[0m
[90mGET /help [36m304 [90m4ms[0m
[90mGET /help [36m304 [90m1ms[0m
[90mGET /help [36m304 [90m1ms[0m
[90mGET /help [36m304 [90m3ms[0m
[90mGET /help [32m200 [90m7ms - 21b[0m
[90mGET /help [36m304 [90m5ms[0m
[90mGET /help [32m200 [90m7ms - 20b[0m
[90mGET /help [36m304 [90m5ms[0m
[90mGET /help [36m304 [90m2ms[0m
[90mGET /help [36m304 [90m1ms[0m
[90mGET /help [32m200 [90m7ms - 18b[0m
[90mGET /help [36m304 [90m5ms[0m
[90mGET /help [36m304 [90m2ms[0m
[90mGET /help [36m304 [90m2ms[0m
[90mGET /help [36m304 [90m4ms[0m
[90mGET /help [32m200 [90m8ms - 17b[0m
